CRITICAL - 2026-04-07 18:48:33 --> CodeIgniter\View\Exceptions\ViewException: Invalid file: "welcome_message.php"
[Method: GET, Route: /]
in SYSTEMPATH\Exceptions\FrameworkException.php on line 39.
 1 SYSTEMPATH\View\View.php(226): CodeIgniter\Exceptions\FrameworkException::forInvalidFile('welcome_message.php')
 2 SYSTEMPATH\Common.php(1250): CodeIgniter\View\View->render('welcome_message', [], true)
 3 APPPATH\Controllers\Home.php(9): view('welcome_message')
 4 SYSTEMPATH\CodeIgniter.php(951): App\Controllers\Home->index()
 5 SYSTEMPATH\CodeIgniter.php(497): CodeIgniter\CodeIgniter->runController(Object(App\Controllers\Home))
 6 SYSTEMPATH\CodeIgniter.php(340): CodeIgniter\CodeIgniter->handleRequest(null, Object(Config\Cache), false)
 7 SYSTEMPATH\Boot.php(417): CodeIgniter\CodeIgniter->run()
 8 SYSTEMPATH\Boot.php(68): CodeIgniter\Boot::runCodeIgniter(Object(CodeIgniter\CodeIgniter))
 9 FCPATH\index.php(59): CodeIgniter\Boot::bootWeb(Object(Config\Paths))
CRITICAL - 2026-04-07 18:50:23 --> CodeIgniter\View\Exceptions\ViewException: Invalid file: "welcome_message.php"
[Method: GET, Route: /]
in SYSTEMPATH\Exceptions\FrameworkException.php on line 39.
 1 SYSTEMPATH\View\View.php(226): CodeIgniter\Exceptions\FrameworkException::forInvalidFile('welcome_message.php')
 2 SYSTEMPATH\Common.php(1250): CodeIgniter\View\View->render('welcome_message', [], true)
 3 APPPATH\Controllers\Home.php(9): view('welcome_message')
 4 SYSTEMPATH\CodeIgniter.php(951): App\Controllers\Home->index()
 5 SYSTEMPATH\CodeIgniter.php(497): CodeIgniter\CodeIgniter->runController(Object(App\Controllers\Home))
 6 SYSTEMPATH\CodeIgniter.php(340): CodeIgniter\CodeIgniter->handleRequest(null, Object(Config\Cache), false)
 7 SYSTEMPATH\Boot.php(417): CodeIgniter\CodeIgniter->run()
 8 SYSTEMPATH\Boot.php(68): CodeIgniter\Boot::runCodeIgniter(Object(CodeIgniter\CodeIgniter))
 9 FCPATH\index.php(59): CodeIgniter\Boot::bootWeb(Object(Config\Paths))
CRITICAL - 2026-04-07 18:50:58 --> CodeIgniter\View\Exceptions\ViewException: Invalid file: "pages/lanches/index.php"
[Method: GET, Route: admin/lanches]
in SYSTEMPATH\Exceptions\FrameworkException.php on line 39.
 1 SYSTEMPATH\View\View.php(226): CodeIgniter\Exceptions\FrameworkException::forInvalidFile('pages/lanches/index.php')
 2 SYSTEMPATH\Common.php(1250): CodeIgniter\View\View->render('pages/lanches/index', [], true)
 3 APPPATH\Controllers\LancheController.php(25): view('pages/lanches/index', [...])
 4 SYSTEMPATH\CodeIgniter.php(951): App\Controllers\LancheController->index()
 5 SYSTEMPATH\CodeIgniter.php(497): CodeIgniter\CodeIgniter->runController(Object(App\Controllers\LancheController))
 6 SYSTEMPATH\CodeIgniter.php(340): CodeIgniter\CodeIgniter->handleRequest(null, Object(Config\Cache), false)
 7 SYSTEMPATH\Boot.php(417): CodeIgniter\CodeIgniter->run()
 8 SYSTEMPATH\Boot.php(68): CodeIgniter\Boot::runCodeIgniter(Object(CodeIgniter\CodeIgniter))
 9 FCPATH\index.php(59): CodeIgniter\Boot::bootWeb(Object(Config\Paths))
CRITICAL - 2026-04-07 18:51:21 --> CodeIgniter\View\Exceptions\ViewException: Invalid file: "layouts/template.php"
[Method: GET, Route: admin/lanches]
in SYSTEMPATH\Exceptions\FrameworkException.php on line 39.
 1 SYSTEMPATH\View\View.php(226): CodeIgniter\Exceptions\FrameworkException::forInvalidFile('layouts/template.php')
 2 SYSTEMPATH\View\View.php(254): CodeIgniter\View\View->render('layouts/template', [], true)
 3 SYSTEMPATH\Common.php(1250): CodeIgniter\View\View->render('pages/lanches/index', [], true)
 4 APPPATH\Controllers\LancheController.php(25): view('pages/lanches/index', [...])
 5 SYSTEMPATH\CodeIgniter.php(951): App\Controllers\LancheController->index()
 6 SYSTEMPATH\CodeIgniter.php(497): CodeIgniter\CodeIgniter->runController(Object(App\Controllers\LancheController))
 7 SYSTEMPATH\CodeIgniter.php(340): CodeIgniter\CodeIgniter->handleRequest(null, Object(Config\Cache), false)
 8 SYSTEMPATH\Boot.php(417): CodeIgniter\CodeIgniter->run()
 9 SYSTEMPATH\Boot.php(68): CodeIgniter\Boot::runCodeIgniter(Object(CodeIgniter\CodeIgniter))
10 FCPATH\index.php(59): CodeIgniter\Boot::bootWeb(Object(Config\Paths))
CRITICAL - 2026-04-07 23:00:50 --> Error: Call to undefined function site_utl()
[Method: GET, Route: admin/lanches]
in APPPATH\Views\pages\lanches\index.php on line 14.
 1 SYSTEMPATH\View\View.php(238): include()
 2 SYSTEMPATH\View\View.php(241): CodeIgniter\View\View->CodeIgniter\View\{closure}()
 3 SYSTEMPATH\Common.php(1250): CodeIgniter\View\View->render('pages/lanches/index', [], true)
 4 APPPATH\Controllers\LancheController.php(29): view('pages/lanches/index', [...])
 5 SYSTEMPATH\CodeIgniter.php(951): App\Controllers\LancheController->index()
 6 SYSTEMPATH\CodeIgniter.php(497): CodeIgniter\CodeIgniter->runController(Object(App\Controllers\LancheController))
 7 SYSTEMPATH\CodeIgniter.php(340): CodeIgniter\CodeIgniter->handleRequest(null, Object(Config\Cache), false)
 8 SYSTEMPATH\Boot.php(417): CodeIgniter\CodeIgniter->run()
 9 SYSTEMPATH\Boot.php(68): CodeIgniter\Boot::runCodeIgniter(Object(CodeIgniter\CodeIgniter))
10 FCPATH\index.php(59): CodeIgniter\Boot::bootWeb(Object(Config\Paths))
CRITICAL - 2026-04-07 23:03:40 --> Error: Call to undefined function site_utl()
[Method: GET, Route: admin/lanches]
in APPPATH\Views\pages\lanches\index.php on line 14.
 1 SYSTEMPATH\View\View.php(238): include()
 2 SYSTEMPATH\View\View.php(241): CodeIgniter\View\View->CodeIgniter\View\{closure}()
 3 SYSTEMPATH\Common.php(1250): CodeIgniter\View\View->render('pages/lanches/index', [], true)
 4 APPPATH\Controllers\LancheController.php(29): view('pages/lanches/index', [...])
 5 SYSTEMPATH\CodeIgniter.php(951): App\Controllers\LancheController->index()
 6 SYSTEMPATH\CodeIgniter.php(497): CodeIgniter\CodeIgniter->runController(Object(App\Controllers\LancheController))
 7 SYSTEMPATH\CodeIgniter.php(340): CodeIgniter\CodeIgniter->handleRequest(null, Object(Config\Cache), false)
 8 SYSTEMPATH\Boot.php(417): CodeIgniter\CodeIgniter->run()
 9 SYSTEMPATH\Boot.php(68): CodeIgniter\Boot::runCodeIgniter(Object(CodeIgniter\CodeIgniter))
10 FCPATH\index.php(59): CodeIgniter\Boot::bootWeb(Object(Config\Paths))
CRITICAL - 2026-04-07 23:07:42 --> ErrorException: Undefined variable $busca
[Method: GET, Route: admin/lanches]
in APPPATH\Views\pages\lanches\index.php on line 23.
 1 APPPATH\Views\pages\lanches\index.php(23): CodeIgniter\Debug\Exceptions->errorHandler(2, 'Undefined variable $busca', 'C:\\xampp\\htdocs\\paginacao\\app\\Views\\pages\\lanches\\index.php', 23)
 2 SYSTEMPATH\View\View.php(238): include('C:\\xampp\\htdocs\\paginacao\\app\\Views\\pages\\lanches\\index.php')
 3 SYSTEMPATH\View\View.php(241): CodeIgniter\View\View->CodeIgniter\View\{closure}()
 4 SYSTEMPATH\Common.php(1250): CodeIgniter\View\View->render('pages/lanches/index', [], true)
 5 APPPATH\Controllers\LancheController.php(29): view('pages/lanches/index', [...])
 6 SYSTEMPATH\CodeIgniter.php(951): App\Controllers\LancheController->index()
 7 SYSTEMPATH\CodeIgniter.php(497): CodeIgniter\CodeIgniter->runController(Object(App\Controllers\LancheController))
 8 SYSTEMPATH\CodeIgniter.php(340): CodeIgniter\CodeIgniter->handleRequest(null, Object(Config\Cache), false)
 9 SYSTEMPATH\Boot.php(417): CodeIgniter\CodeIgniter->run()
10 SYSTEMPATH\Boot.php(68): CodeIgniter\Boot::runCodeIgniter(Object(CodeIgniter\CodeIgniter))
11 FCPATH\index.php(59): CodeIgniter\Boot::bootWeb(Object(Config\Paths))
CRITICAL - 2026-04-07 23:08:29 --> ErrorException: Undefined variable $busca
[Method: GET, Route: admin/lanches]
in APPPATH\Views\pages\lanches\index.php on line 23.
 1 APPPATH\Views\pages\lanches\index.php(23): CodeIgniter\Debug\Exceptions->errorHandler(2, 'Undefined variable $busca', 'C:\\xampp\\htdocs\\paginacao\\app\\Views\\pages\\lanches\\index.php', 23)
 2 SYSTEMPATH\View\View.php(238): include('C:\\xampp\\htdocs\\paginacao\\app\\Views\\pages\\lanches\\index.php')
 3 SYSTEMPATH\View\View.php(241): CodeIgniter\View\View->CodeIgniter\View\{closure}()
 4 SYSTEMPATH\Common.php(1250): CodeIgniter\View\View->render('pages/lanches/index', [], true)
 5 APPPATH\Controllers\LancheController.php(29): view('pages/lanches/index', [...])
 6 SYSTEMPATH\CodeIgniter.php(951): App\Controllers\LancheController->index()
 7 SYSTEMPATH\CodeIgniter.php(497): CodeIgniter\CodeIgniter->runController(Object(App\Controllers\LancheController))
 8 SYSTEMPATH\CodeIgniter.php(340): CodeIgniter\CodeIgniter->handleRequest(null, Object(Config\Cache), false)
 9 SYSTEMPATH\Boot.php(417): CodeIgniter\CodeIgniter->run()
10 SYSTEMPATH\Boot.php(68): CodeIgniter\Boot::runCodeIgniter(Object(CodeIgniter\CodeIgniter))
11 FCPATH\index.php(59): CodeIgniter\Boot::bootWeb(Object(Config\Paths))
CRITICAL - 2026-04-07 23:12:58 --> ParseError: syntax error, unexpected token "."
[Method: GET, Route: admin/lanches]
in APPPATH\Controllers\LancheController.php on line 28.
 1 SYSTEMPATH\Autoloader\Autoloader.php(295): CodeIgniter\Autoloader\Autoloader->includeFile('C:\\xampp\\htdocs\\paginacao\\app\\Controllers\\LancheController.php')
 2 SYSTEMPATH\Autoloader\Autoloader.php(271): CodeIgniter\Autoloader\Autoloader->loadInNamespace('App\\Controllers\\LancheController')
 3 [internal function]: CodeIgniter\Autoloader\Autoloader->loadClass('App\\Controllers\\LancheController')
 4 SYSTEMPATH\Router\Router.php(792): class_exists('\\App\\Controllers\\LancheController')
 5 SYSTEMPATH\Router\Router.php(230): CodeIgniter\Router\Router->processRouteAttributes()
 6 SYSTEMPATH\CodeIgniter.php(829): CodeIgniter\Router\Router->handle('admin/lanches')
 7 SYSTEMPATH\CodeIgniter.php(441): CodeIgniter\CodeIgniter->tryToRouteIt(Object(CodeIgniter\Router\RouteCollection))
 8 SYSTEMPATH\CodeIgniter.php(340): CodeIgniter\CodeIgniter->handleRequest(null, Object(Config\Cache), false)
 9 SYSTEMPATH\Boot.php(417): CodeIgniter\CodeIgniter->run()
10 SYSTEMPATH\Boot.php(68): CodeIgniter\Boot::runCodeIgniter(Object(CodeIgniter\CodeIgniter))
11 FCPATH\index.php(59): CodeIgniter\Boot::bootWeb(Object(Config\Paths))
